Flow report for Position_PacMan
Thu Dec 13 16:43:31 2018
Quartus II 32-bit Version 13.0.1 Build 232 06/12/2013 Service Pack 1 SJ Web Edition


---------------------
; Table of Contents ;
---------------------
  1. Legal Notice
  2. Flow Summary
  3. Flow Settings
  4. Flow Non-Default Global Settings
  5. Flow Elapsed Time
  6. Flow OS Summary
  7. Flow Log
  8. Flow Messages
  9. Flow Suppressed Messages



----------------
; Legal Notice ;
----------------
Copyright (C) 1991-2013 Altera Corporation
Your use of Altera Corporation's design tools, logic functions 
and other software and tools, and its AMPP partner logic 
functions, and any output files from any of the foregoing 
(including device programming or simulation files), and any 
associated documentation or information are expressly subject 
to the terms and conditions of the Altera Program License 
Subscription Agreement, Altera MegaCore Function License 
Agreement, or other applicable license agreement, including, 
without limitation, that your use is for the sole purpose of 
programming logic devices manufactured by Altera and sold by 
Altera or its authorized distributors.  Please refer to the 
applicable agreement for further details.



+--------------------------------------------------------------------------------------+
; Flow Summary                                                                         ;
+------------------------------------+-------------------------------------------------+
; Flow Status                        ; Successful - Thu Dec 13 16:43:31 2018           ;
; Quartus II 32-bit Version          ; 13.0.1 Build 232 06/12/2013 SP 1 SJ Web Edition ;
; Revision Name                      ; Position_PacMan                                 ;
; Top-level Entity Name              ; Position_PacMan                                 ;
; Family                             ; Cyclone II                                      ;
; Total logic elements               ; 0 / 4,608 ( 0 % )                               ;
;     Total combinational functions  ; 0 / 4,608 ( 0 % )                               ;
;     Dedicated logic registers      ; 0 / 4,608 ( 0 % )                               ;
; Total registers                    ; 0                                               ;
; Total pins                         ; 22 / 89 ( 25 % )                                ;
; Total virtual pins                 ; 0                                               ;
; Total memory bits                  ; 0 / 119,808 ( 0 % )                             ;
; Embedded Multiplier 9-bit elements ; 0 / 26 ( 0 % )                                  ;
; Total PLLs                         ; 0 / 2 ( 0 % )                                   ;
; Device                             ; EP2C5T144C6                                     ;
; Timing Models                      ; Final                                           ;
+------------------------------------+-------------------------------------------------+


+-----------------------------------------+
; Flow Settings                           ;
+-------------------+---------------------+
; Option            ; Setting             ;
+-------------------+---------------------+
; Start date & time ; 12/13/2018 16:42:45 ;
; Main task         ; Compilation         ;
; Revision Name     ; Position_PacMan     ;
+-------------------+---------------------+


+----------------------------------------------------------------------------------------------------------------------------------------+
; Flow Non-Default Global Settings                                                                                                       ;
+--------------------------------------+-----------------------------------------+---------------+-------------+-------------------------+
; Assignment Name                      ; Value                                   ; Default Value ; Entity Name ; Section Id              ;
+--------------------------------------+-----------------------------------------+---------------+-------------+-------------------------+
; COMPILER_SIGNATURE_ID                ; 49273390658234.154471576509208          ; --            ; --          ; --                      ;
; EDA_DESIGN_INSTANCE_NAME             ; i1                                      ; --            ; --          ; Position_PacMan_vhd_tst ;
; EDA_NATIVELINK_SIMULATION_TEST_BENCH ; Position_PacMan_vhd_tst                 ; --            ; --          ; eda_simulation          ;
; EDA_OUTPUT_DATA_FORMAT               ; Vhdl                                    ; --            ; --          ; eda_simulation          ;
; EDA_SIMULATION_TOOL                  ; ModelSim-Altera (VHDL)                  ; <None>        ; --          ; --                      ;
; EDA_TEST_BENCH_ENABLE_STATUS         ; TEST_BENCH_MODE                         ; --            ; --          ; eda_simulation          ;
; EDA_TEST_BENCH_FILE                  ; simulation/modelsim/Position_PacMan.vht ; --            ; --          ; Position_PacMan_vhd_tst ;
; EDA_TEST_BENCH_MODULE_NAME           ; Position_PacMan_vhd_tst                 ; --            ; --          ; Position_PacMan_vhd_tst ;
; EDA_TEST_BENCH_NAME                  ; Position_PacMan_vhd_tst                 ; --            ; --          ; eda_simulation          ;
; PARTITION_COLOR                      ; 16764057                                ; --            ; --          ; Top                     ;
; PARTITION_FITTER_PRESERVATION_LEVEL  ; PLACEMENT_AND_ROUTING                   ; --            ; --          ; Top                     ;
; PARTITION_NETLIST_TYPE               ; SOURCE                                  ; --            ; --          ; Top                     ;
; PROJECT_OUTPUT_DIRECTORY             ; output_files                            ; --            ; --          ; --                      ;
+--------------------------------------+-----------------------------------------+---------------+-------------+-------------------------+


+-------------------------------------------------------------------------------------------------------------------------------+
; Flow Elapsed Time                                                                                                             ;
+---------------------------+--------------+-------------------------+---------------------+------------------------------------+
; Module Name               ; Elapsed Time ; Average Processors Used ; Peak Virtual Memory ; Total CPU Time (on all processors) ;
+---------------------------+--------------+-------------------------+---------------------+------------------------------------+
; Analysis & Synthesis      ; 00:00:05     ; 1.0                     ; 375 MB              ; 00:00:04                           ;
; Fitter                    ; 00:00:25     ; 1.0                     ; 412 MB              ; 00:00:06                           ;
; Assembler                 ; 00:00:03     ; 1.0                     ; 340 MB              ; 00:00:03                           ;
; TimeQuest Timing Analyzer ; 00:00:03     ; 1.0                     ; 306 MB              ; 00:00:02                           ;
; EDA Netlist Writer        ; 00:00:01     ; 1.0                     ; 313 MB              ; 00:00:01                           ;
; Total                     ; 00:00:37     ; --                      ; --                  ; 00:00:16                           ;
+---------------------------+--------------+-------------------------+---------------------+------------------------------------+


+----------------------------------------------------------------------------------------+
; Flow OS Summary                                                                        ;
+---------------------------+------------------+-----------+------------+----------------+
; Module Name               ; Machine Hostname ; OS Name   ; OS Version ; Processor type ;
+---------------------------+------------------+-----------+------------+----------------+
; Analysis & Synthesis      ; Massi-PC         ; Windows 7 ; 6.1        ; x86_64         ;
; Fitter                    ; Massi-PC         ; Windows 7 ; 6.1        ; x86_64         ;
; Assembler                 ; Massi-PC         ; Windows 7 ; 6.1        ; x86_64         ;
; TimeQuest Timing Analyzer ; Massi-PC         ; Windows 7 ; 6.1        ; x86_64         ;
; EDA Netlist Writer        ; Massi-PC         ; Windows 7 ; 6.1        ; x86_64         ;
+---------------------------+------------------+-----------+------------+----------------+


------------
; Flow Log ;
------------
quartus_map --read_settings_files=on --write_settings_files=off Position_PacMan -c Position_PacMan
quartus_fit --read_settings_files=off --write_settings_files=off Position_PacMan -c Position_PacMan
quartus_asm --read_settings_files=off --write_settings_files=off Position_PacMan -c Position_PacMan
quartus_sta Position_PacMan -c Position_PacMan
quartus_eda --read_settings_files=off --write_settings_files=off Position_PacMan -c Position_PacMan



