Analysis & Synthesis report for Position_PacMan
Thu Dec 13 16:42:51 2018
Quartus II 32-bit Version 13.0.1 Build 232 06/12/2013 Service Pack 1 SJ Web Edition


---------------------
; Table of Contents ;
---------------------
  1. Legal Notice
  2. Analysis & Synthesis Summary
  3. Analysis & Synthesis Settings
  4. Parallel Compilation
  5. Analysis & Synthesis Source Files Read
  6. Analysis & Synthesis Resource Usage Summary
  7. Analysis & Synthesis Resource Utilization by Entity
  8. State Machine - |Position_PacMan|UC:controle|state
  9. Registers Removed During Synthesis
 10. Removed Registers Triggering Further Register Optimizations
 11. General Register Statistics
 12. Multiplexer Restructuring Statistics (Restructuring Performed)
 13. Parameter Settings for User Entity Instance: Bouton_P:B_P
 14. Parameter Settings for User Entity Instance: MULTI:MULTI_P
 15. Parameter Settings for User Entity Instance: registre_T:R_Dir
 16. Parameter Settings for User Entity Instance: MULTI:MULTI_S
 17. Parameter Settings for User Entity Instance: UC:controle
 18. Parameter Settings for User Entity Instance: compteur_generic_pos:Position_x
 19. Parameter Settings for User Entity Instance: compteur_generic_pos:Position_y
 20. Port Connectivity Checks: "Bouton_P:B_P"
 21. Elapsed Time Per Partition
 22. Analysis & Synthesis Messages



----------------
; Legal Notice ;
----------------
Copyright (C) 1991-2013 Altera Corporation
Your use of Altera Corporation's design tools, logic functions 
and other software and tools, and its AMPP partner logic 
functions, and any output files from any of the foregoing 
(including device programming or simulation files), and any 
associated documentation or information are expressly subject 
to the terms and conditions of the Altera Program License 
Subscription Agreement, Altera MegaCore Function License 
Agreement, or other applicable license agreement, including, 
without limitation, that your use is for the sole purpose of 
programming logic devices manufactured by Altera and sold by 
Altera or its authorized distributors.  Please refer to the 
applicable agreement for further details.



+--------------------------------------------------------------------------------------+
; Analysis & Synthesis Summary                                                         ;
+------------------------------------+-------------------------------------------------+
; Analysis & Synthesis Status        ; Successful - Thu Dec 13 16:42:51 2018           ;
; Quartus II 32-bit Version          ; 13.0.1 Build 232 06/12/2013 SP 1 SJ Web Edition ;
; Revision Name                      ; Position_PacMan                                 ;
; Top-level Entity Name              ; Position_PacMan                                 ;
; Family                             ; Cyclone II                                      ;
; Total logic elements               ; 0                                               ;
;     Total combinational functions  ; 0                                               ;
;     Dedicated logic registers      ; 0                                               ;
; Total registers                    ; 0                                               ;
; Total pins                         ; 22                                              ;
; Total virtual pins                 ; 0                                               ;
; Total memory bits                  ; 0                                               ;
; Embedded Multiplier 9-bit elements ; 0                                               ;
; Total PLLs                         ; 0                                               ;
+------------------------------------+-------------------------------------------------+


+----------------------------------------------------------------------------------------------------------------------+
; Analysis & Synthesis Settings                                                                                        ;
+----------------------------------------------------------------------------+--------------------+--------------------+
; Option                                                                     ; Setting            ; Default Value      ;
+----------------------------------------------------------------------------+--------------------+--------------------+
; Top-level entity name                                                      ; Position_PacMan    ; Position_PacMan    ;
; Family name                                                                ; Cyclone II         ; Cyclone IV GX      ;
; Use smart compilation                                                      ; Off                ; Off                ;
; Enable parallel Assembler and TimeQuest Timing Analyzer during compilation ; On                 ; On                 ;
; Enable compact report table                                                ; Off                ; Off                ;
; Restructure Multiplexers                                                   ; Auto               ; Auto               ;
; Create Debugging Nodes for IP Cores                                        ; Off                ; Off                ;
; Preserve fewer node names                                                  ; On                 ; On                 ;
; Disable OpenCore Plus hardware evaluation                                  ; Off                ; Off                ;
; Verilog Version                                                            ; Verilog_2001       ; Verilog_2001       ;
; VHDL Version                                                               ; VHDL_1993          ; VHDL_1993          ;
; State Machine Processing                                                   ; Auto               ; Auto               ;
; Safe State Machine                                                         ; Off                ; Off                ;
; Extract Verilog State Machines                                             ; On                 ; On                 ;
; Extract VHDL State Machines                                                ; On                 ; On                 ;
; Ignore Verilog initial constructs                                          ; Off                ; Off                ;
; Iteration limit for constant Verilog loops                                 ; 5000               ; 5000               ;
; Iteration limit for non-constant Verilog loops                             ; 250                ; 250                ;
; Add Pass-Through Logic to Inferred RAMs                                    ; On                 ; On                 ;
; Infer RAMs from Raw Logic                                                  ; On                 ; On                 ;
; Parallel Synthesis                                                         ; On                 ; On                 ;
; DSP Block Balancing                                                        ; Auto               ; Auto               ;
; NOT Gate Push-Back                                                         ; On                 ; On                 ;
; Power-Up Don't Care                                                        ; On                 ; On                 ;
; Remove Redundant Logic Cells                                               ; Off                ; Off                ;
; Remove Duplicate Registers                                                 ; On                 ; On                 ;
; Ignore CARRY Buffers                                                       ; Off                ; Off                ;
; Ignore CASCADE Buffers                                                     ; Off                ; Off                ;
; Ignore GLOBAL Buffers                                                      ; Off                ; Off                ;
; Ignore ROW GLOBAL Buffers                                                  ; Off                ; Off                ;
; Ignore LCELL Buffers                                                       ; Off                ; Off                ;
; Ignore SOFT Buffers                                                        ; On                 ; On                 ;
; Limit AHDL Integers to 32 Bits                                             ; Off                ; Off                ;
; Optimization Technique                                                     ; Balanced           ; Balanced           ;
; Carry Chain Length                                                         ; 70                 ; 70                 ;
; Auto Carry Chains                                                          ; On                 ; On                 ;
; Auto Open-Drain Pins                                                       ; On                 ; On                 ;
; Perform WYSIWYG Primitive Resynthesis                                      ; Off                ; Off                ;
; Auto ROM Replacement                                                       ; On                 ; On                 ;
; Auto RAM Replacement                                                       ; On                 ; On                 ;
; Auto Shift Register Replacement                                            ; Auto               ; Auto               ;
; Allow Shift Register Merging across Hierarchies                            ; Auto               ; Auto               ;
; Auto Clock Enable Replacement                                              ; On                 ; On                 ;
; Strict RAM Replacement                                                     ; Off                ; Off                ;
; Allow Synchronous Control Signals                                          ; On                 ; On                 ;
; Force Use of Synchronous Clear Signals                                     ; Off                ; Off                ;
; Auto RAM to Logic Cell Conversion                                          ; Off                ; Off                ;
; Auto Resource Sharing                                                      ; Off                ; Off                ;
; Allow Any RAM Size For Recognition                                         ; Off                ; Off                ;
; Allow Any ROM Size For Recognition                                         ; Off                ; Off                ;
; Allow Any Shift Register Size For Recognition                              ; Off                ; Off                ;
; Use LogicLock Constraints during Resource Balancing                        ; On                 ; On                 ;
; Ignore translate_off and synthesis_off directives                          ; Off                ; Off                ;
; Timing-Driven Synthesis                                                    ; Off                ; Off                ;
; Report Parameter Settings                                                  ; On                 ; On                 ;
; Report Source Assignments                                                  ; On                 ; On                 ;
; Report Connectivity Checks                                                 ; On                 ; On                 ;
; Ignore Maximum Fan-Out Assignments                                         ; Off                ; Off                ;
; Synchronization Register Chain Length                                      ; 2                  ; 2                  ;
; PowerPlay Power Optimization                                               ; Normal compilation ; Normal compilation ;
; HDL message level                                                          ; Level2             ; Level2             ;
; Suppress Register Optimization Related Messages                            ; Off                ; Off                ;
; Number of Removed Registers Reported in Synthesis Report                   ; 5000               ; 5000               ;
; Number of Swept Nodes Reported in Synthesis Report                         ; 5000               ; 5000               ;
; Number of Inverted Registers Reported in Synthesis Report                  ; 100                ; 100                ;
; Clock MUX Protection                                                       ; On                 ; On                 ;
; Auto Gated Clock Conversion                                                ; Off                ; Off                ;
; Block Design Naming                                                        ; Auto               ; Auto               ;
; SDC constraint protection                                                  ; Off                ; Off                ;
; Synthesis Effort                                                           ; Auto               ; Auto               ;
; Shift Register Replacement - Allow Asynchronous Clear Signal               ; On                 ; On                 ;
; Pre-Mapping Resynthesis Optimization                                       ; Off                ; Off                ;
; Analysis & Synthesis Message Level                                         ; Medium             ; Medium             ;
; Disable Register Merging Across Hierarchies                                ; Auto               ; Auto               ;
; Resource Aware Inference For Block RAM                                     ; On                 ; On                 ;
; Synthesis Seed                                                             ; 1                  ; 1                  ;
+----------------------------------------------------------------------------+--------------------+--------------------+


Parallel compilation was disabled, but you have multiple processors available. Enable parallel compilation to reduce compilation time.
+-------------------------------------+
; Parallel Compilation                ;
+----------------------------+--------+
; Processors                 ; Number ;
+----------------------------+--------+
; Number detected on machine ; 4      ;
; Maximum allowed            ; 1      ;
+----------------------------+--------+


+-----------------------------------------------------------------------------------------------------------------------------------------------------------+
; Analysis & Synthesis Source Files Read                                                                                                                    ;
+----------------------------------+-----------------+-----------------------+--------------------------------------------------------------------+---------+
; File Name with User-Entered Path ; Used in Netlist ; File Type             ; File Name with Absolute Path                                       ; Library ;
+----------------------------------+-----------------+-----------------------+--------------------------------------------------------------------+---------+
; UC.vhd                           ; yes             ; User VHDL File        ; C:/Users/Massi/Documents/Projet-Jeux-VHDL/UC.vhd                   ;         ;
; MULTI.vhd                        ; yes             ; User VHDL File        ; C:/Users/Massi/Documents/Projet-Jeux-VHDL/MULTI.vhd                ;         ;
; compteur_generic_pos.vhd         ; yes             ; User VHDL File        ; C:/Users/Massi/Documents/Projet-Jeux-VHDL/compteur_generic_pos.vhd ;         ;
; registre_T.vhd                   ; yes             ; User VHDL File        ; C:/Users/Massi/Documents/Projet-Jeux-VHDL/registre_T.vhd           ;         ;
; Bouton_P.vhd                     ; yes             ; User VHDL File        ; C:/Users/Massi/Documents/Projet-Jeux-VHDL/Bouton_P.vhd             ;         ;
; position_pacman.vhd              ; yes             ; Auto-Found VHDL File  ; C:/Users/Massi/Documents/Projet-Jeux-VHDL/position_pacman.vhd      ;         ;
+----------------------------------+-----------------+-----------------------+--------------------------------------------------------------------+---------+


+-----------------------------------------------------+
; Analysis & Synthesis Resource Usage Summary         ;
+---------------------------------------------+-------+
; Resource                                    ; Usage ;
+---------------------------------------------+-------+
;                                             ;       ;
; Total combinational functions               ; 0     ;
; Logic element usage by number of LUT inputs ;       ;
;     -- 4 input functions                    ; 0     ;
;     -- 3 input functions                    ; 0     ;
;     -- <=2 input functions                  ; 0     ;
;                                             ;       ;
; Logic elements by mode                      ;       ;
;     -- normal mode                          ; 0     ;
;     -- arithmetic mode                      ; 0     ;
;                                             ;       ;
; Total registers                             ; 0     ;
;     -- Dedicated logic registers            ; 0     ;
;     -- I/O registers                        ; 0     ;
;                                             ;       ;
; I/O pins                                    ; 22    ;
; Embedded Multiplier 9-bit elements          ; 0     ;
+---------------------------------------------+-------+


+-----------------------------------------------------------------------------------------------------------------------------------------------------------------------------+
; Analysis & Synthesis Resource Utilization by Entity                                                                                                                         ;
+----------------------------+-------------------+--------------+-------------+--------------+---------+-----------+------+--------------+---------------------+--------------+
; Compilation Hierarchy Node ; LC Combinationals ; LC Registers ; Memory Bits ; DSP Elements ; DSP 9x9 ; DSP 18x18 ; Pins ; Virtual Pins ; Full Hierarchy Name ; Library Name ;
+----------------------------+-------------------+--------------+-------------+--------------+---------+-----------+------+--------------+---------------------+--------------+
; |Position_PacMan           ; 0 (0)             ; 0 (0)        ; 0           ; 0            ; 0       ; 0         ; 22   ; 0            ; |Position_PacMan    ; work         ;
+----------------------------+-------------------+--------------+-------------+--------------+---------+-----------+------+--------------+---------------------+--------------+
Note: For table entries with two numbers listed, the numbers in parentheses indicate the number of resources of the given type used by the specific entity alone. The numbers listed outside of parentheses indicate the total resources of the given type used by the specific entity and all of its sub-entities in the hierarchy.


Encoding Type:  One-Hot
+--------------------------------------------------------------------------------------------------+
; State Machine - |Position_PacMan|UC:controle|state                                               ;
+-----------------+-----------------+----------------+----------------+--------------+-------------+
; Name            ; state.MoveRight ; state.MoveLeft ; state.MoveDown ; state.MoveUP ; state.Arret ;
+-----------------+-----------------+----------------+----------------+--------------+-------------+
; state.Arret     ; 0               ; 0              ; 0              ; 0            ; 0           ;
; state.MoveUP    ; 0               ; 0              ; 0              ; 1            ; 1           ;
; state.MoveDown  ; 0               ; 0              ; 1              ; 0            ; 1           ;
; state.MoveLeft  ; 0               ; 1              ; 0              ; 0            ; 1           ;
; state.MoveRight ; 1               ; 0              ; 0              ; 0            ; 1           ;
+-----------------+-----------------+----------------+----------------+--------------+-------------+


+------------------------------------------------------------------------------------+
; Registers Removed During Synthesis                                                 ;
+-------------------------------------------+----------------------------------------+
; Register name                             ; Reason for Removal                     ;
+-------------------------------------------+----------------------------------------+
; compteur_generic_pos:Position_x|CMP[0..5] ; Stuck at GND due to stuck port data_in ;
; compteur_generic_pos:Position_y|CMP[0..5] ; Stuck at GND due to stuck port data_in ;
; UC:controle|state.MoveUP                  ; Lost fanout                            ;
; UC:controle|state.MoveDown                ; Lost fanout                            ;
; UC:controle|state.MoveLeft                ; Lost fanout                            ;
; UC:controle|state.MoveRight               ; Lost fanout                            ;
; registre_T:R_Dir|Q[0..3]                  ; Lost fanout                            ;
; Bouton_P:B_P|fw[0..3]                     ; Lost fanout                            ;
; UC:controle|state.Arret                   ; Lost fanout                            ;
; Total Number of Removed Registers = 25    ;                                        ;
+-------------------------------------------+----------------------------------------+


+------------------------------------------------------------------------------------------------------------------------------------------------------------+
; Removed Registers Triggering Further Register Optimizations                                                                                                ;
+----------------------------------------+---------------------------+---------------------------------------------------------------------------------------+
; Register name                          ; Reason for Removal        ; Registers Removed due to This Register                                                ;
+----------------------------------------+---------------------------+---------------------------------------------------------------------------------------+
; compteur_generic_pos:Position_x|CMP[0] ; Stuck at GND              ; compteur_generic_pos:Position_x|CMP[1], registre_T:R_Dir|Q[1], registre_T:R_Dir|Q[0], ;
;                                        ; due to stuck port data_in ; Bouton_P:B_P|fw[0], Bouton_P:B_P|fw[2], Bouton_P:B_P|fw[3]                            ;
; UC:controle|state.MoveUP               ; Lost Fanouts              ; Bouton_P:B_P|fw[1], UC:controle|state.Arret                                           ;
; compteur_generic_pos:Position_y|CMP[0] ; Stuck at GND              ; registre_T:R_Dir|Q[3]                                                                 ;
;                                        ; due to stuck port data_in ;                                                                                       ;
; UC:controle|state.MoveDown             ; Lost Fanouts              ; registre_T:R_Dir|Q[2]                                                                 ;
+----------------------------------------+---------------------------+---------------------------------------------------------------------------------------+


+------------------------------------------------------+
; General Register Statistics                          ;
+----------------------------------------------+-------+
; Statistic                                    ; Value ;
+----------------------------------------------+-------+
; Total registers                              ; 0     ;
; Number of registers using Synchronous Clear  ; 0     ;
; Number of registers using Synchronous Load   ; 0     ;
; Number of registers using Asynchronous Clear ; 0     ;
; Number of registers using Asynchronous Load  ; 0     ;
; Number of registers using Clock Enable       ; 0     ;
; Number of registers using Preset             ; 0     ;
+----------------------------------------------+-------+


+-----------------------------------------------------------------------------------------------------------------------------------------------------------------------+
; Multiplexer Restructuring Statistics (Restructuring Performed)                                                                                                        ;
+--------------------+-----------+---------------+----------------------+------------------------+------------+---------------------------------------------------------+
; Multiplexer Inputs ; Bus Width ; Baseline Area ; Area if Restructured ; Saving if Restructured ; Registered ; Example Multiplexer Output                              ;
+--------------------+-----------+---------------+----------------------+------------------------+------------+---------------------------------------------------------+
; 1:1                ; 12 bits   ; 0 LEs         ; 0 LEs                ; 0 LEs                  ; Yes        ; |Position_PacMan|compteur_generic_pos:Position_x|CMP[0] ;
; 10:1               ; 2 bits    ; 12 LEs        ; 4 LEs                ; 8 LEs                  ; Yes        ; |Position_PacMan|Bouton_P:B_P|fw[3]                     ;
; 10:1               ; 2 bits    ; 12 LEs        ; 8 LEs                ; 4 LEs                  ; No         ; |Position_PacMan|UC:controle|Selector0                  ;
+--------------------+-----------+---------------+----------------------+------------------------+------------+---------------------------------------------------------+


+-----------------------------------------------------------+
; Parameter Settings for User Entity Instance: Bouton_P:B_P ;
+----------------+-------+----------------------------------+
; Parameter Name ; Value ; Type                             ;
+----------------+-------+----------------------------------+
; taille         ; 4     ; Signed Integer                   ;
+----------------+-------+----------------------------------+
Note: In order to hide this table in the UI and the text report file, please set the "Show Parameter Settings in Synthesis Report" option in "Analysis and Synthesis Settings -> More Settings" to "Off".


+------------------------------------------------------------+
; Parameter Settings for User Entity Instance: MULTI:MULTI_P ;
+----------------+-------+-----------------------------------+
; Parameter Name ; Value ; Type                              ;
+----------------+-------+-----------------------------------+
; taille         ; 4     ; Signed Integer                    ;
+----------------+-------+-----------------------------------+
Note: In order to hide this table in the UI and the text report file, please set the "Show Parameter Settings in Synthesis Report" option in "Analysis and Synthesis Settings -> More Settings" to "Off".


+---------------------------------------------------------------+
; Parameter Settings for User Entity Instance: registre_T:R_Dir ;
+----------------+-------+--------------------------------------+
; Parameter Name ; Value ; Type                                 ;
+----------------+-------+--------------------------------------+
; taille         ; 4     ; Signed Integer                       ;
+----------------+-------+--------------------------------------+
Note: In order to hide this table in the UI and the text report file, please set the "Show Parameter Settings in Synthesis Report" option in "Analysis and Synthesis Settings -> More Settings" to "Off".


+------------------------------------------------------------+
; Parameter Settings for User Entity Instance: MULTI:MULTI_S ;
+----------------+-------+-----------------------------------+
; Parameter Name ; Value ; Type                              ;
+----------------+-------+-----------------------------------+
; taille         ; 4     ; Signed Integer                    ;
+----------------+-------+-----------------------------------+
Note: In order to hide this table in the UI and the text report file, please set the "Show Parameter Settings in Synthesis Report" option in "Analysis and Synthesis Settings -> More Settings" to "Off".


+----------------------------------------------------------+
; Parameter Settings for User Entity Instance: UC:controle ;
+----------------+-------+---------------------------------+
; Parameter Name ; Value ; Type                            ;
+----------------+-------+---------------------------------+
; taille         ; 4     ; Signed Integer                  ;
+----------------+-------+---------------------------------+
Note: In order to hide this table in the UI and the text report file, please set the "Show Parameter Settings in Synthesis Report" option in "Analysis and Synthesis Settings -> More Settings" to "Off".


+------------------------------------------------------------------------------+
; Parameter Settings for User Entity Instance: compteur_generic_pos:Position_x ;
+----------------+-------+-----------------------------------------------------+
; Parameter Name ; Value ; Type                                                ;
+----------------+-------+-----------------------------------------------------+
; taille         ; 6     ; Signed Integer                                      ;
+----------------+-------+-----------------------------------------------------+
Note: In order to hide this table in the UI and the text report file, please set the "Show Parameter Settings in Synthesis Report" option in "Analysis and Synthesis Settings -> More Settings" to "Off".


+------------------------------------------------------------------------------+
; Parameter Settings for User Entity Instance: compteur_generic_pos:Position_y ;
+----------------+-------+-----------------------------------------------------+
; Parameter Name ; Value ; Type                                                ;
+----------------+-------+-----------------------------------------------------+
; taille         ; 6     ; Signed Integer                                      ;
+----------------+-------+-----------------------------------------------------+
Note: In order to hide this table in the UI and the text report file, please set the "Show Parameter Settings in Synthesis Report" option in "Analysis and Synthesis Settings -> More Settings" to "Off".


+----------------------------------------------------------------------------------------------------------------+
; Port Connectivity Checks: "Bouton_P:B_P"                                                                       ;
+------+--------+----------+-------------------------------------------------------------------------------------+
; Port ; Type   ; Severity ; Details                                                                             ;
+------+--------+----------+-------------------------------------------------------------------------------------+
; f    ; Output ; Info     ; Connected to dangling logic. Logic that only feeds a dangling port will be removed. ;
+------+--------+----------+-------------------------------------------------------------------------------------+


+-------------------------------+
; Elapsed Time Per Partition    ;
+----------------+--------------+
; Partition Name ; Elapsed Time ;
+----------------+--------------+
; Top            ; 00:00:00     ;
+----------------+--------------+


+-------------------------------+
; Analysis & Synthesis Messages ;
+-------------------------------+
Info: *******************************************************************
Info: Running Quartus II 32-bit Analysis & Synthesis
    Info: Version 13.0.1 Build 232 06/12/2013 Service Pack 1 SJ Web Edition
    Info: Processing started: Thu Dec 13 16:42:44 2018
Info: Command: quartus_map --read_settings_files=on --write_settings_files=off Position_PacMan -c Position_PacMan
Warning (20028): Parallel compilation is not licensed and has been disabled
Info (12021): Found 2 design units, including 1 entities, in source file uc.vhd
    Info (12022): Found design unit 1: UC-BEHAVIOR_T
    Info (12023): Found entity 1: UC
Info (12021): Found 2 design units, including 1 entities, in source file multi.vhd
    Info (12022): Found design unit 1: MULTI-multi_P
    Info (12023): Found entity 1: MULTI
Info (12021): Found 2 design units, including 1 entities, in source file compteur_generic_pos.vhd
    Info (12022): Found design unit 1: compteur_generic_pos-DESCRIPTION_T
    Info (12023): Found entity 1: compteur_generic_pos
Info (12021): Found 2 design units, including 1 entities, in source file registre_t.vhd
    Info (12022): Found design unit 1: registre_T-comportemental_T
    Info (12023): Found entity 1: registre_T
Info (12021): Found 2 design units, including 1 entities, in source file bouton_p.vhd
    Info (12022): Found design unit 1: Bouton_P-Fonction_P
    Info (12023): Found entity 1: Bouton_P
Warning (12125): Using design file position_pacman.vhd, which is not specified as a design file for the current project, but contains definitions for 2 design units and 1 entities in project
    Info (12022): Found design unit 1: Position_PacMan-structurel
    Info (12023): Found entity 1: Position_PacMan
Info (12127): Elaborating entity "Position_PacMan" for the top level hierarchy
Warning (10036): Verilog HDL or VHDL warning at position_pacman.vhd(20): object "F" assigned a value but never read
Warning (10541): VHDL Signal Declaration warning at position_pacman.vhd(21): used implicit default value for signal "LOAD" because signal was never assigned a value or an explicit default value. Use of implicit default value may introduce unintended design optimizations.
Warning (10541): VHDL Signal Declaration warning at position_pacman.vhd(23): used implicit default value for signal "DATA" because signal was never assigned a value or an explicit default value. Use of implicit default value may introduce unintended design optimizations.
Info (12128): Elaborating entity "Bouton_P" for hierarchy "Bouton_P:B_P"
Info (12128): Elaborating entity "MULTI" for hierarchy "MULTI:MULTI_P"
Info (12128): Elaborating entity "registre_T" for hierarchy "registre_T:R_Dir"
Info (12128): Elaborating entity "UC" for hierarchy "UC:controle"
Info (12128): Elaborating entity "compteur_generic_pos" for hierarchy "compteur_generic_pos:Position_x"
Warning (13024): Output pins are stuck at VCC or GND
    Warning (13410): Pin "Pos_x[0]" is stuck at GND
    Warning (13410): Pin "Pos_x[1]" is stuck at GND
    Warning (13410): Pin "Pos_x[2]" is stuck at GND
    Warning (13410): Pin "Pos_x[3]" is stuck at GND
    Warning (13410): Pin "Pos_x[4]" is stuck at GND
    Warning (13410): Pin "Pos_x[5]" is stuck at GND
    Warning (13410): Pin "Pos_y[0]" is stuck at GND
    Warning (13410): Pin "Pos_y[1]" is stuck at GND
    Warning (13410): Pin "Pos_y[2]" is stuck at GND
    Warning (13410): Pin "Pos_y[3]" is stuck at GND
    Warning (13410): Pin "Pos_y[4]" is stuck at GND
    Warning (13410): Pin "Pos_y[5]" is stuck at GND
Info (17049): 13 registers lost all their fanouts during netlist optimizations.
Info (16010): Generating hard_block partition "hard_block:auto_generated_inst"
    Info (16011): Adding 0 node(s), including 0 DDIO, 0 PLL, 0 transceiver and 0 LCELL
Warning (21074): Design contains 10 input pin(s) that do not drive logic
    Warning (15610): No output dependent on input pin "Col[3]"
    Warning (15610): No output dependent on input pin "Col[2]"
    Warning (15610): No output dependent on input pin "Col[1]"
    Warning (15610): No output dependent on input pin "Col[0]"
    Warning (15610): No output dependent on input pin "clk"
    Warning (15610): No output dependent on input pin "reset"
    Warning (15610): No output dependent on input pin "R"
    Warning (15610): No output dependent on input pin "L"
    Warning (15610): No output dependent on input pin "U"
    Warning (15610): No output dependent on input pin "D"
Info (21057): Implemented 22 device resources after synthesis - the final resource count might be different
    Info (21058): Implemented 10 input pins
    Info (21059): Implemented 12 output pins
Info: Quartus II 32-bit Analysis & Synthesis was successful. 0 errors, 29 warnings
    Info: Peak virtual memory: 375 megabytes
    Info: Processing ended: Thu Dec 13 16:42:51 2018
    Info: Elapsed time: 00:00:07
    Info: Total CPU time (on all processors): 00:00:05


